<?xml version="1.0" encoding="UTF-8"?>
<!-- Generated by org.testng.reporters.JUnitReportReporter -->
<testsuite hostname="Prasenjit" failures="0" tests="1" name="Jenkins_package.NewTest" time="8.066" errors="0" timestamp="2025-08-26T10:02:37 IST" skipped="0">
  <testcase classname="Jenkins_package.NewTest" name="f" time="8.066"/>
</testsuite> <!-- Jenkins_package.NewTest -->
